<?xml version="1.0" encoding="UTF-8"?>
<!-- Generated by org.testng.reporters.JUnitReportReporter -->
<testsuite skipped="0" hostname="DESKTOP-3HB8IKU" name="Script.TestQuestions" tests="1" failures="0" timestamp="23 Oct 2019 10:43:27 GMT" time="57.470" errors="0">
  <testcase name="QuestionsModule" time="57.470" classname="Script.TestQuestions"/>
</testsuite> <!-- Script.TestQuestions -->
