<?xml version="1.0" encoding="UTF-8"?>
<!-- Generated by org.testng.reporters.JUnitReportReporter -->
<testsuite skipped="0" hostname="DESKTOP-3HB8IKU" name="Script.TestLogin_Campaign" tests="1" failures="0" timestamp="23 Oct 2019 06:32:32 GMT" time="81.355" errors="0">
  <testcase name="Login" time="81.355" classname="Script.TestLogin_Campaign"/>
</testsuite> <!-- Script.TestLogin_Campaign -->
